15:34:16 Profile_StartUpdate
15:34:16 Content_Creating
15:34:19 Content_Created
15:34:19 Content_Checkout
15:34:20 Content_Checkout successful
15:34:22 Content_Attachment successful
15:34:25 Content_Checkin successful
15:34:27 Content_SetPrivateData successful
15:34:29 WorkflowItem_Insert successful
15:34:37 Profile_StartUpdate
15:34:37 Content_Creating
15:34:39 Content_Created
15:34:39 Content_Checkout
15:34:41 Content_Checkout successful
15:34:43 Content_Attachment successful
15:34:47 Content_Checkin successful
15:34:49 Content_SetPrivateData successful
15:34:51 WorkflowItem_Insert successful
15:34:51 Profile_StartUpdate
15:34:51 Content_Creating
15:34:53 Content_Created
15:34:53 Content_Checkout
15:34:55 Content_Checkout successful
15:34:57 Content_Attachment successful
15:35:01 Content_Checkin successful
15:35:03 Content_SetPrivateData successful
15:35:05 WorkflowItem_Insert successful
15:35:12 AddRanDomProfile_Thread was being aborted.
15:38:03 AddRanDomProfile_Thread was being aborted.
