<?xml version="1.0" encoding="utf-8"?>
<ActivityConfiguration xmlns:xsd="http://www.w3.org/2001/XMLSchema" xmlns:xsi="http://www.w3.org/2001/XMLSchema-instance">
  <ADAdmin />
  <ADPassword />
  <UseExplicitAccountForAD>true</UseExplicitAccountForAD>
  <mVersion>1.0.1</mVersion>
  <Branches>
    <Branch>
      <Name>All</Name>
      <CacheBatches>false</CacheBatches>
      <SharedFolder />
      <Users>
        <Account>
          <Name>Everyone</Name>
          <UPN />
          <Class />
        </Account>
      </Users>
    </Branch>
    <Branch>
      <Name>HaNoi</Name>
      <CacheBatches>false</CacheBatches>
      <SharedFolder />
      <Users>
        <Account>
          <Name>Everyone</Name>
          <UPN />
          <Class />
        </Account>
      </Users>
    </Branch>
    <Branch>
      <Name>DaNang</Name>
      <CacheBatches>false</CacheBatches>
      <SharedFolder />
      <Users>
        <Account>
          <Name>Everyone</Name>
          <UPN />
          <Class />
        </Account>
      </Users>
    </Branch>
    <Branch>
      <Name>HCM</Name>
      <CacheBatches>false</CacheBatches>
      <SharedFolder />
      <Users>
        <Account>
          <Name>Everyone</Name>
          <UPN />
          <Class />
        </Account>
      </Users>
    </Branch>
  </Branches>
  <Reports />
  <NonADAccounts />
</ActivityConfiguration>
